Device Boot Report

InTouch log file: device5_intouch.log
Lines Scanned: 41855

Device boot count: initiated = 294, completed: 10

=== Device boot ===
4(device5_intouch.log): 2013-05-04 05:28:13 Boot Start
**** Incomplete boot ****

=== Device boot ===
175(device5_intouch.log): 2013-10-26 07:45:12 Boot Start
**** Incomplete boot ****

=== Device boot ===
388(device5_intouch.log): 2013-11-01 12:28:32 Boot Start
**** Incomplete boot ****

=== Device boot ===
418(device5_intouch.log): 2013-11-01 12:31:02 Boot Start
**** Incomplete boot ****

=== Device boot ===
449(device5_intouch.log): 2013-11-01 13:01:47 Boot Start
**** Incomplete boot ****

=== Device boot ===
684(device5_intouch.log): 2013-11-02 12:27:03 Boot Start
**** Incomplete boot ****

=== Device boot ===
715(device5_intouch.log): 2013-11-02 12:29:34 Boot Start
**** Incomplete boot ****

=== Device boot ===
746(device5_intouch.log): 2013-11-02 13:01:55 Boot Start
**** Incomplete boot ****

=== Device boot ===
976(device5_intouch.log): 2013-11-03 12:24:47 Boot Start
**** Incomplete boot ****

=== Device boot ===
1006(device5_intouch.log): 2013-11-03 12:27:15 Boot Start
**** Incomplete boot ****

=== Device boot ===
1036(device5_intouch.log): 2013-11-03 14:01:47 Boot Start
**** Incomplete boot ****

=== Device boot ===
1272(device5_intouch.log): 2013-11-04 13:23:03 Boot Start
**** Incomplete boot ****

=== Device boot ===
1302(device5_intouch.log): 2013-11-04 13:25:35 Boot Start
**** Incomplete boot ****

=== Device boot ===
1333(device5_intouch.log): 2013-11-04 14:01:47 Boot Start
**** Incomplete boot ****

=== Device boot ===
1567(device5_intouch.log): 2013-11-05 14:01:44 Boot Start
**** Incomplete boot ****

=== Device boot ===
1806(device5_intouch.log): 2013-11-06 13:21:39 Boot Start
**** Incomplete boot ****

=== Device boot ===
1836(device5_intouch.log): 2013-11-06 13:24:10 Boot Start
**** Incomplete boot ****

=== Device boot ===
1867(device5_intouch.log): 2013-11-06 14:01:52 Boot Start
**** Incomplete boot ****

=== Device boot ===
2103(device5_intouch.log): 2013-11-07 13:21:30 Boot Start
**** Incomplete boot ****

=== Device boot ===
2135(device5_intouch.log): 2013-11-07 13:24:01 Boot Start
**** Incomplete boot ****

=== Device boot ===
2166(device5_intouch.log): 2013-11-07 14:01:51 Boot Start
**** Incomplete boot ****

=== Device boot ===
2401(device5_intouch.log): 2013-11-08 13:20:48 Boot Start
**** Incomplete boot ****

=== Device boot ===
2431(device5_intouch.log): 2013-11-08 13:23:19 Boot Start
**** Incomplete boot ****

=== Device boot ===
2462(device5_intouch.log): 2013-11-08 14:01:45 Boot Start
**** Incomplete boot ****

=== Device boot ===
2697(device5_intouch.log): 2013-11-09 14:01:55 Boot Start
**** Incomplete boot ****

=== Device boot ===
2931(device5_intouch.log): 2013-11-10 13:20:09 Boot Start
**** Incomplete boot ****

=== Device boot ===
2961(device5_intouch.log): 2013-11-10 13:22:38 Boot Start
**** Incomplete boot ****

=== Device boot ===
2991(device5_intouch.log): 2013-11-10 14:01:48 Boot Start
**** Incomplete boot ****

=== Device boot ===
3225(device5_intouch.log): 2013-11-11 13:19:47 Boot Start
**** Incomplete boot ****

=== Device boot ===
3255(device5_intouch.log): 2013-11-11 13:22:16 Boot Start
**** Incomplete boot ****

=== Device boot ===
3286(device5_intouch.log): 2013-11-11 14:01:49 Boot Start
**** Incomplete boot ****

=== Device boot ===
3572(device5_intouch.log): 2013-11-12 13:19:14 Boot Start
**** Incomplete boot ****

=== Device boot ===
3602(device5_intouch.log): 2013-11-12 13:21:44 Boot Start
**** Incomplete boot ****

=== Device boot ===
3632(device5_intouch.log): 2013-11-12 14:01:49 Boot Start
**** Incomplete boot ****

=== Device boot ===
3866(device5_intouch.log): 2013-11-13 13:18:49 Boot Start
**** Incomplete boot ****

=== Device boot ===
3896(device5_intouch.log): 2013-11-13 13:21:19 Boot Start
**** Incomplete boot ****

=== Device boot ===
3926(device5_intouch.log): 2013-11-13 14:01:49 Boot Start
**** Incomplete boot ****

=== Device boot ===
4161(device5_intouch.log): 2013-11-14 14:01:50 Boot Start
**** Incomplete boot ****

=== Device boot ===
4395(device5_intouch.log): 2013-11-15 13:18:24 Boot Start
**** Incomplete boot ****

=== Device boot ===
4425(device5_intouch.log): 2013-11-15 13:20:55 Boot Start
**** Incomplete boot ****

=== Device boot ===
4456(device5_intouch.log): 2013-11-15 14:01:51 Boot Start
**** Incomplete boot ****

=== Device boot ===
4690(device5_intouch.log): 2013-11-16 13:17:04 Boot Start
**** Incomplete boot ****

=== Device boot ===
4720(device5_intouch.log): 2013-11-16 13:19:35 Boot Start
**** Incomplete boot ****

=== Device boot ===
4751(device5_intouch.log): 2013-11-16 14:01:49 Boot Start
**** Incomplete boot ****

=== Device boot ===
4985(device5_intouch.log): 2013-11-17 13:16:12 Boot Start
**** Incomplete boot ****

=== Device boot ===
5015(device5_intouch.log): 2013-11-17 13:18:40 Boot Start
**** Incomplete boot ****

=== Device boot ===
5046(device5_intouch.log): 2013-11-17 14:01:50 Boot Start
**** Incomplete boot ****

=== Device boot ===
5281(device5_intouch.log): 2013-11-18 13:15:14 Boot Start
**** Incomplete boot ****

=== Device boot ===
5311(device5_intouch.log): 2013-11-18 13:17:47 Boot Start
**** Incomplete boot ****

=== Device boot ===
5341(device5_intouch.log): 2013-11-18 14:01:46 Boot Start
**** Incomplete boot ****

=== Device boot ===
5576(device5_intouch.log): 2013-11-19 13:14:29 Boot Start
**** Incomplete boot ****

=== Device boot ===
5607(device5_intouch.log): 2013-11-19 13:17:02 Boot Start
**** Incomplete boot ****

=== Device boot ===
5637(device5_intouch.log): 2013-11-19 14:01:46 Boot Start
**** Incomplete boot ****

=== Device boot ===
5872(device5_intouch.log): 2013-11-20 13:14:12 Boot Start
**** Incomplete boot ****

=== Device boot ===
5902(device5_intouch.log): 2013-11-20 14:01:43 Boot Start
**** Incomplete boot ****

=== Device boot ===
6132(device5_intouch.log): 2013-11-21 13:16:19 Boot Start
**** Incomplete boot ****

=== Device boot ===
6162(device5_intouch.log): 2013-11-21 13:18:49 Boot Start
**** Incomplete boot ****

=== Device boot ===
6192(device5_intouch.log): 2013-11-21 14:01:51 Boot Start
**** Incomplete boot ****

=== Device boot ===
6429(device5_intouch.log): 2013-11-22 13:15:45 Boot Start
**** Incomplete boot ****

=== Device boot ===
6459(device5_intouch.log): 2013-11-22 13:18:13 Boot Start
**** Incomplete boot ****

=== Device boot ===
6490(device5_intouch.log): 2013-11-22 14:01:52 Boot Start
**** Incomplete boot ****

=== Device boot ===
6725(device5_intouch.log): 2013-11-23 14:01:51 Boot Start
**** Incomplete boot ****

=== Device boot ===
6962(device5_intouch.log): 2013-11-24 13:15:25 Boot Start
**** Incomplete boot ****

=== Device boot ===
6992(device5_intouch.log): 2013-11-24 13:17:56 Boot Start
**** Incomplete boot ****

=== Device boot ===
7023(device5_intouch.log): 2013-11-24 14:01:42 Boot Start
**** Incomplete boot ****

=== Device boot ===
7257(device5_intouch.log): 2013-11-25 13:14:51 Boot Start
**** Incomplete boot ****

=== Device boot ===
7287(device5_intouch.log): 2013-11-25 13:17:22 Boot Start
**** Incomplete boot ****

=== Device boot ===
7318(device5_intouch.log): 2013-11-25 13:19:53 Boot Start
**** Incomplete boot ****

=== Device boot ===
7323(device5_intouch.log): 2013-11-25 14:01:54 Boot Start
**** Incomplete boot ****

=== Device boot ===
7558(device5_intouch.log): 2013-11-26 13:14:55 Boot Start
**** Incomplete boot ****

=== Device boot ===
7588(device5_intouch.log): 2013-11-26 13:17:26 Boot Start
**** Incomplete boot ****

=== Device boot ===
7619(device5_intouch.log): 2013-11-26 14:01:53 Boot Start
**** Incomplete boot ****

=== Device boot ===
7853(device5_intouch.log): 2013-11-27 13:15:01 Boot Start
**** Incomplete boot ****

=== Device boot ===
7883(device5_intouch.log): 2013-11-27 14:02:40 Boot Start
**** Incomplete boot ****

=== Device boot ===
8118(device5_intouch.log): 2013-11-28 13:12:24 Boot Start
**** Incomplete boot ****

=== Device boot ===
8148(device5_intouch.log): 2013-11-28 13:14:54 Boot Start
**** Incomplete boot ****

=== Device boot ===
8179(device5_intouch.log): 2013-11-28 13:17:25 Boot Start
**** Incomplete boot ****

=== Device boot ===
8194(device5_intouch.log): 2013-11-28 14:02:44 Boot Start
**** Incomplete boot ****

=== Device boot ===
8429(device5_intouch.log): 2013-11-29 13:09:46 Boot Start
**** Incomplete boot ****

=== Device boot ===
8459(device5_intouch.log): 2013-11-29 13:12:16 Boot Start
**** Incomplete boot ****

=== Device boot ===
8490(device5_intouch.log): 2013-11-29 14:02:40 Boot Start
**** Incomplete boot ****

=== Device boot ===
8727(device5_intouch.log): 2013-11-30 13:08:26 Boot Start
**** Incomplete boot ****

=== Device boot ===
8757(device5_intouch.log): 2013-11-30 13:10:56 Boot Start
**** Incomplete boot ****

=== Device boot ===
8787(device5_intouch.log): 2013-11-30 13:13:26 Boot Start
**** Incomplete boot ****

=== Device boot ===
8805(device5_intouch.log): 2013-11-30 14:02:40 Boot Start
**** Incomplete boot ****

=== Device boot ===
9040(device5_intouch.log): 2013-12-01 13:07:11 Boot Start
**** Incomplete boot ****

=== Device boot ===
9070(device5_intouch.log): 2013-12-01 13:09:41 Boot Start
**** Incomplete boot ****

=== Device boot ===
9100(device5_intouch.log): 2013-12-01 13:12:09 Boot Start
**** Incomplete boot ****

=== Device boot ===
9118(device5_intouch.log): 2013-12-01 14:02:38 Boot Start
**** Incomplete boot ****

=== Device boot ===
9355(device5_intouch.log): 2013-12-02 13:06:39 Boot Start
**** Incomplete boot ****

=== Device boot ===
9386(device5_intouch.log): 2013-12-02 13:09:10 Boot Start
**** Incomplete boot ****

=== Device boot ===
9417(device5_intouch.log): 2013-12-02 13:11:41 Boot Start
**** Incomplete boot ****

=== Device boot ===
9435(device5_intouch.log): 2013-12-02 14:02:40 Boot Start
**** Incomplete boot ****

=== Device boot ===
9663(device5_intouch.log): 2013-12-03 13:06:52 Boot Start
**** Incomplete boot ****

=== Device boot ===
9694(device5_intouch.log): 2013-12-03 14:02:50 Boot Start
**** Incomplete boot ****

=== Device boot ===
9922(device5_intouch.log): 2013-12-04 13:07:48 Boot Start
**** Incomplete boot ****

=== Device boot ===
9953(device5_intouch.log): 2013-12-04 13:10:18 Boot Start
**** Incomplete boot ****

=== Device boot ===
9984(device5_intouch.log): 2013-12-04 13:12:49 Boot Start
**** Incomplete boot ****

=== Device boot ===
10002(device5_intouch.log): 2013-12-04 14:02:44 Boot Start
**** Incomplete boot ****

=== Device boot ===
10232(device5_intouch.log): 2013-12-05 13:07:22 Boot Start
**** Incomplete boot ****

=== Device boot ===
10262(device5_intouch.log): 2013-12-05 13:09:53 Boot Start
**** Incomplete boot ****

=== Device boot ===
10292(device5_intouch.log): 2013-12-05 13:12:24 Boot Start
**** Incomplete boot ****

=== Device boot ===
10310(device5_intouch.log): 2013-12-05 14:02:36 Boot Start
**** Incomplete boot ****

=== Device boot ===
10545(device5_intouch.log): 2013-12-06 14:02:41 Boot Start
**** Incomplete boot ****

=== Device boot ===
10774(device5_intouch.log): 2013-12-07 13:07:25 Boot Start
**** Incomplete boot ****

=== Device boot ===
10804(device5_intouch.log): 2013-12-07 13:09:56 Boot Start
**** Incomplete boot ****

=== Device boot ===
10834(device5_intouch.log): 2013-12-07 13:12:25 Boot Start
**** Incomplete boot ****

=== Device boot ===
10852(device5_intouch.log): 2013-12-07 14:02:41 Boot Start
**** Incomplete boot ****

=== Device boot ===
11079(device5_intouch.log): 2013-12-08 13:06:49 Boot Start
**** Incomplete boot ****

=== Device boot ===
11109(device5_intouch.log): 2013-12-08 13:09:20 Boot Start
**** Incomplete boot ****

=== Device boot ===
11140(device5_intouch.log): 2013-12-08 14:02:43 Boot Start
**** Incomplete boot ****

=== Device boot ===
11367(device5_intouch.log): 2013-12-09 13:06:14 Boot Start
**** Incomplete boot ****

=== Device boot ===
11397(device5_intouch.log): 2013-12-09 13:08:45 Boot Start
**** Incomplete boot ****

=== Device boot ===
11428(device5_intouch.log): 2013-12-09 13:11:16 Boot Start
**** Incomplete boot ****

=== Device boot ===
11454(device5_intouch.log): 2013-12-09 14:02:36 Boot Start
**** Incomplete boot ****

=== Device boot ===
11683(device5_intouch.log): 2013-12-10 13:05:17 Boot Start
**** Incomplete boot ****

=== Device boot ===
11714(device5_intouch.log): 2013-12-10 13:07:47 Boot Start
**** Incomplete boot ****

=== Device boot ===
11744(device5_intouch.log): 2013-12-10 13:10:17 Boot Start
**** Incomplete boot ****

=== Device boot ===
11772(device5_intouch.log): 2013-12-10 14:02:39 Boot Start
**** Incomplete boot ****

=== Device boot ===
12006(device5_intouch.log): 2013-12-11 13:06:12 Boot Start
**** Incomplete boot ****

=== Device boot ===
12036(device5_intouch.log): 2013-12-11 13:08:41 Boot Start
**** Incomplete boot ****

=== Device boot ===
12067(device5_intouch.log): 2013-12-11 13:11:10 Boot Start
**** Incomplete boot ****

=== Device boot ===
12093(device5_intouch.log): 2013-12-11 14:02:35 Boot Start
**** Incomplete boot ****

=== Device boot ===
12321(device5_intouch.log): 2013-12-12 13:06:12 Boot Start
**** Incomplete boot ****

=== Device boot ===
12351(device5_intouch.log): 2013-12-12 13:08:44 Boot Start
**** Incomplete boot ****

=== Device boot ===
12381(device5_intouch.log): 2013-12-12 13:11:15 Boot Start
**** Incomplete boot ****

=== Device boot ===
12401(device5_intouch.log): 2013-12-12 14:02:38 Boot Start
**** Incomplete boot ****

=== Device boot ===
12628(device5_intouch.log): 2013-12-13 13:06:00 Boot Start
**** Incomplete boot ****

=== Device boot ===
12659(device5_intouch.log): 2013-12-13 14:02:44 Boot Start
**** Incomplete boot ****

=== Device boot ===
12886(device5_intouch.log): 2013-12-14 13:06:04 Boot Start
**** Incomplete boot ****

=== Device boot ===
12917(device5_intouch.log): 2013-12-14 13:08:35 Boot Start
**** Incomplete boot ****

=== Device boot ===
12947(device5_intouch.log): 2013-12-14 13:11:04 Boot Start
**** Incomplete boot ****

=== Device boot ===
12976(device5_intouch.log): 2013-12-14 14:02:42 Boot Start
**** Incomplete boot ****

=== Device boot ===
13222(device5_intouch.log): 2013-12-15 13:04:51 Boot Start
**** Incomplete boot ****

=== Device boot ===
13250(device5_intouch.log): 2013-12-15 13:07:23 Boot Start
**** Incomplete boot ****

=== Device boot ===
13272(device5_intouch.log): 2013-12-15 13:09:54 Boot Start
**** Incomplete boot ****

=== Device boot ===
13301(device5_intouch.log): 2013-12-15 14:02:43 Boot Start
**** Incomplete boot ****

=== Device boot ===
13539(device5_intouch.log): 2013-12-16 13:05:24 Boot Start
**** Incomplete boot ****

=== Device boot ===
13569(device5_intouch.log): 2013-12-16 13:07:53 Boot Start
**** Incomplete boot ****

=== Device boot ===
13600(device5_intouch.log): 2013-12-16 14:02:41 Boot Start
**** Incomplete boot ****

=== Device boot ===
13850(device5_intouch.log): 2013-12-17 14:02:38 Boot Start
**** Incomplete boot ****

=== Device boot ===
14087(device5_intouch.log): 2013-12-18 13:05:38 Boot Start
**** Incomplete boot ****

=== Device boot ===
14117(device5_intouch.log): 2013-12-18 13:08:08 Boot Start
**** Incomplete boot ****

=== Device boot ===
14148(device5_intouch.log): 2013-12-18 13:10:39 Boot Start
**** Incomplete boot ****

=== Device boot ===
14179(device5_intouch.log): 2013-12-18 14:02:34 Boot Start
**** Incomplete boot ****

=== Device boot ===
14410(device5_intouch.log): 2013-12-19 13:05:42 Boot Start
**** Incomplete boot ****

=== Device boot ===
14433(device5_intouch.log): 2013-12-19 13:08:14 Boot Start
**** Incomplete boot ****

=== Device boot ===
14464(device5_intouch.log): 2013-12-19 13:10:43 Boot Start
**** Incomplete boot ****

=== Device boot ===
14495(device5_intouch.log): 2013-12-19 14:02:36 Boot Start
**** Incomplete boot ****

=== Device boot ===
14729(device5_intouch.log): 2013-12-20 13:04:51 Boot Start
**** Incomplete boot ****

=== Device boot ===
14760(device5_intouch.log): 2013-12-20 13:07:23 Boot Start
**** Incomplete boot ****

=== Device boot ===
14790(device5_intouch.log): 2013-12-20 13:09:54 Boot Start
**** Incomplete boot ****

=== Device boot ===
14820(device5_intouch.log): 2013-12-20 14:02:35 Boot Start
**** Incomplete boot ****

=== Device boot ===
15053(device5_intouch.log): 2013-12-21 14:02:38 Boot Start
**** Incomplete boot ****

=== Device boot ===
15288(device5_intouch.log): 2013-12-22 13:03:26 Boot Start
**** Incomplete boot ****

=== Device boot ===
15319(device5_intouch.log): 2013-12-22 13:05:57 Boot Start
**** Incomplete boot ****

=== Device boot ===
15346(device5_intouch.log): 2013-12-22 13:08:28 Boot Start
**** Incomplete boot ****

=== Device boot ===
15368(device5_intouch.log): 2013-12-22 14:02:35 Boot Start
**** Incomplete boot ****

=== Device boot ===
15602(device5_intouch.log): 2013-12-23 13:03:24 Boot Start
**** Incomplete boot ****

=== Device boot ===
15632(device5_intouch.log): 2013-12-23 13:05:51 Boot Start
**** Incomplete boot ****

=== Device boot ===
15665(device5_intouch.log): 2013-12-23 13:08:21 Boot Start
**** Incomplete boot ****

=== Device boot ===
15696(device5_intouch.log): 2013-12-23 14:02:34 Boot Start
**** Incomplete boot ****

=== Device boot ===
15925(device5_intouch.log): 2013-12-24 13:03:10 Boot Start
**** Incomplete boot ****

=== Device boot ===
15955(device5_intouch.log): 2013-12-24 13:05:40 Boot Start
**** Incomplete boot ****

=== Device boot ===
15985(device5_intouch.log): 2013-12-24 13:08:09 Boot Start
**** Incomplete boot ****

=== Device boot ===
16016(device5_intouch.log): 2013-12-24 14:02:32 Boot Start
**** Incomplete boot ****

=== Device boot ===
16249(device5_intouch.log): 2013-12-25 13:02:43 Boot Start
**** Incomplete boot ****

=== Device boot ===
16279(device5_intouch.log): 2013-12-25 13:05:13 Boot Start
**** Incomplete boot ****

=== Device boot ===
16309(device5_intouch.log): 2013-12-25 13:07:44 Boot Start
**** Incomplete boot ****

=== Device boot ===
16339(device5_intouch.log): 2013-12-25 14:02:36 Boot Start
**** Incomplete boot ****

=== Device boot ===
16567(device5_intouch.log): 2013-12-26 14:02:37 Boot Start
**** Incomplete boot ****

=== Device boot ===
16795(device5_intouch.log): 2013-12-27 13:02:22 Boot Start
**** Incomplete boot ****

=== Device boot ===
16826(device5_intouch.log): 2013-12-27 13:04:52 Boot Start
**** Incomplete boot ****

=== Device boot ===
16856(device5_intouch.log): 2013-12-27 13:07:24 Boot Start
**** Incomplete boot ****

=== Device boot ===
16886(device5_intouch.log): 2013-12-27 14:02:39 Boot Start
**** Incomplete boot ****

=== Device boot ===
17114(device5_intouch.log): 2013-12-28 14:02:37 Boot Start
**** Incomplete boot ****

=== Device boot ===
17341(device5_intouch.log): 2013-12-29 14:02:39 Boot Start
**** Incomplete boot ****

=== Device boot ===
17567(device5_intouch.log): 2013-12-30 13:01:15 Boot Start
**** Incomplete boot ****

=== Device boot ===
17598(device5_intouch.log): 2013-12-30 13:03:46 Boot Start
**** Incomplete boot ****

=== Device boot ===
17628(device5_intouch.log): 2013-12-30 13:06:18 Boot Start
**** Incomplete boot ****

=== Device boot ===
17658(device5_intouch.log): 2013-12-30 14:02:36 Boot Start
**** Incomplete boot ****

=== Device boot ===
17883(device5_intouch.log): 2013-12-31 13:01:00 Boot Start
**** Incomplete boot ****

=== Device boot ===
17913(device5_intouch.log): 2013-12-31 14:02:35 Boot Start
**** Incomplete boot ****

=== Device boot ===
18139(device5_intouch.log): 2014-01-01 13:00:37 Boot Start
**** Incomplete boot ****

=== Device boot ===
18169(device5_intouch.log): 2014-01-01 13:03:07 Boot Start
**** Incomplete boot ****

=== Device boot ===
18199(device5_intouch.log): 2014-01-01 13:05:37 Boot Start
**** Incomplete boot ****

=== Device boot ===
18229(device5_intouch.log): 2014-01-01 14:02:39 Boot Start
**** Incomplete boot ****

=== Device boot ===
18455(device5_intouch.log): 2014-01-02 13:00:38 Boot Start
**** Incomplete boot ****

=== Device boot ===
18489(device5_intouch.log): 2014-01-02 13:03:08 Boot Start
**** Incomplete boot ****

=== Device boot ===
18519(device5_intouch.log): 2014-01-02 13:05:38 Boot Start
**** Incomplete boot ****

=== Device boot ===
18550(device5_intouch.log): 2014-01-02 14:02:43 Boot Start
**** Incomplete boot ****

=== Device boot ===
18776(device5_intouch.log): 2014-01-03 13:00:23 Boot Start
**** Incomplete boot ****

=== Device boot ===
18807(device5_intouch.log): 2014-01-03 13:02:55 Boot Start
**** Incomplete boot ****

=== Device boot ===
18837(device5_intouch.log): 2014-01-03 13:05:26 Boot Start
**** Incomplete boot ****

=== Device boot ===
18868(device5_intouch.log): 2014-01-03 14:02:47 Boot Start
**** Incomplete boot ****

=== Device boot ===
19093(device5_intouch.log): 2014-01-04 14:02:41 Boot Start
**** Incomplete boot ****

=== Device boot ===
19319(device5_intouch.log): 2014-01-05 12:59:51 Boot Start
**** Incomplete boot ****

=== Device boot ===
19351(device5_intouch.log): 2014-01-05 14:02:35 Boot Start
**** Incomplete boot ****

=== Device boot ===
19577(device5_intouch.log): 2014-01-06 14:02:37 Boot Start
**** Incomplete boot ****

=== Device boot ===
19803(device5_intouch.log): 2014-01-07 12:59:24 Boot Start
**** Incomplete boot ****

=== Device boot ===
19835(device5_intouch.log): 2014-01-07 13:01:54 Boot Start
**** Incomplete boot ****

=== Device boot ===
19940(device5_intouch.log): 2014-01-07 14:02:30 Boot Start
**** Incomplete boot ****

=== Device boot ===
20165(device5_intouch.log): 2014-01-08 12:58:49 Boot Start
**** Incomplete boot ****

=== Device boot ===
20195(device5_intouch.log): 2014-01-08 13:01:20 Boot Start
**** Incomplete boot ****

=== Device boot ===
20226(device5_intouch.log): 2014-01-08 13:03:51 Boot Start
**** Incomplete boot ****

=== Device boot ===
20256(device5_intouch.log): 2014-01-08 14:02:41 Boot Start
**** Incomplete boot ****

=== Device boot ===
20481(device5_intouch.log): 2014-01-09 12:58:48 Boot Start
**** Incomplete boot ****

=== Device boot ===
20511(device5_intouch.log): 2014-01-09 14:02:35 Boot Start
**** Incomplete boot ****

=== Device boot ===
20737(device5_intouch.log): 2014-01-10 12:57:42 Boot Start
**** Incomplete boot ****

=== Device boot ===
20767(device5_intouch.log): 2014-01-10 13:00:12 Boot Start
**** Incomplete boot ****

=== Device boot ===
20797(device5_intouch.log): 2014-01-10 13:02:41 Boot Start
**** Incomplete boot ****

=== Device boot ===
20828(device5_intouch.log): 2014-01-10 14:02:36 Boot Start
**** Incomplete boot ****

=== Device boot ===
21053(device5_intouch.log): 2014-01-11 12:58:03 Boot Start
**** Incomplete boot ****

=== Device boot ===
21169(device5_intouch.log): 2014-01-11 14:02:43 Boot Start
**** Incomplete boot ****

=== Device boot ===
21394(device5_intouch.log): 2014-01-12 12:58:11 Boot Start
**** Incomplete boot ****

=== Device boot ===
21424(device5_intouch.log): 2014-01-12 13:00:42 Boot Start
**** Incomplete boot ****

=== Device boot ===
21454(device5_intouch.log): 2014-01-12 13:03:13 Boot Start
**** Incomplete boot ****

=== Device boot ===
21484(device5_intouch.log): 2014-01-12 14:02:32 Boot Start
**** Incomplete boot ****

=== Device boot ===
21709(device5_intouch.log): 2014-01-13 14:02:40 Boot Start
**** Incomplete boot ****

=== Device boot ===
22015(device5_intouch.log): 2014-01-14 12:57:11 Boot Start
**** Incomplete boot ****

=== Device boot ===
22046(device5_intouch.log): 2014-01-14 12:59:43 Boot Start
**** Incomplete boot ****

=== Device boot ===
22153(device5_intouch.log): 2014-01-14 14:02:45 Boot Start
**** Incomplete boot ****

=== Device boot ===
22378(device5_intouch.log): 2014-01-15 12:57:05 Boot Start
**** Incomplete boot ****

=== Device boot ===
22408(device5_intouch.log): 2014-01-15 12:59:37 Boot Start
**** Incomplete boot ****

=== Device boot ===
22440(device5_intouch.log): 2014-01-15 13:02:08 Boot Start
**** Incomplete boot ****

=== Device boot ===
22470(device5_intouch.log): 2014-01-15 14:02:42 Boot Start
**** Incomplete boot ****

=== Device boot ===
22754(device5_intouch.log): 2014-01-16 12:53:32 Boot Start
**** Incomplete boot ****

=== Device boot ===
22781(device5_intouch.log): 2014-01-16 12:56:03 Boot Start
**** Incomplete boot ****

=== Device boot ===
22803(device5_intouch.log): 2014-01-16 12:58:33 Boot Start
**** Incomplete boot ****

=== Device boot ===
22833(device5_intouch.log): 2014-01-16 13:01:04 Boot Start
**** Incomplete boot ****

=== Device boot ===
22864(device5_intouch.log): 2014-01-16 14:02:42 Boot Start
**** Incomplete boot ****

=== Device boot ===
23089(device5_intouch.log): 2014-01-17 12:52:14 Boot Start
**** Incomplete boot ****

=== Device boot ===
23120(device5_intouch.log): 2014-01-17 12:54:46 Boot Start
**** Incomplete boot ****

=== Device boot ===
23150(device5_intouch.log): 2014-01-17 12:57:18 Boot Start
**** Incomplete boot ****

=== Device boot ===
23180(device5_intouch.log): 2014-01-17 12:59:45 Boot Start
**** Incomplete boot ****

=== Device boot ===
23213(device5_intouch.log): 2014-01-17 14:02:40 Boot Start
**** Incomplete boot ****

=== Device boot ===
23561(device5_intouch.log): 2014-01-18 12:55:53 Boot Start
**** Incomplete boot ****

=== Device boot ===
23591(device5_intouch.log): 2014-01-18 12:58:25 Boot Start
**** Incomplete boot ****

=== Device boot ===
23621(device5_intouch.log): 2014-01-18 13:00:56 Boot Start
**** Incomplete boot ****

=== Device boot ===
23652(device5_intouch.log): 2014-01-18 13:03:27 Boot Start
**** Incomplete boot ****

=== Device boot ===
23670(device5_intouch.log): 2014-01-18 14:02:38 Boot Start
**** Incomplete boot ****

=== Device boot ===
24087(device5_intouch.log): 2014-01-19 12:55:50 Boot Start
**** Incomplete boot ****

=== Device boot ===
24117(device5_intouch.log): 2014-01-19 12:58:21 Boot Start
**** Incomplete boot ****

=== Device boot ===
24148(device5_intouch.log): 2014-01-19 13:00:52 Boot Start
**** Incomplete boot ****

=== Device boot ===
24178(device5_intouch.log): 2014-01-19 13:03:23 Boot Start
**** Incomplete boot ****

=== Device boot ===
24194(device5_intouch.log): 2014-01-19 14:02:41 Boot Start
**** Incomplete boot ****

=== Device boot ===
24817(device5_intouch.log): 2014-01-20 12:54:08 Boot Start
**** Incomplete boot ****

=== Device boot ===
24847(device5_intouch.log): 2014-01-20 12:56:38 Boot Start
**** Incomplete boot ****

=== Device boot ===
24877(device5_intouch.log): 2014-01-20 14:02:43 Boot Start
**** Incomplete boot ****

=== Device boot ===
25808(device5_intouch.log): 2014-01-21 12:47:52 Boot Start
**** Incomplete boot ****

=== Device boot ===
25838(device5_intouch.log): 2014-01-21 12:50:20 Boot Start
**** Incomplete boot ****

=== Device boot ===
25868(device5_intouch.log): 2014-01-21 12:52:52 Boot Start
**** Incomplete boot ****

=== Device boot ===
25899(device5_intouch.log): 2014-01-21 12:55:23 Boot Start
**** Incomplete boot ****

=== Device boot ===
25930(device5_intouch.log): 2014-01-21 14:02:42 Boot Start
**** Incomplete boot ****

=== Device boot ===
26727(device5_intouch.log): 2014-01-22 14:02:41 Boot Start
**** Incomplete boot ****

=== Device boot ===
27642(device5_intouch.log): 2014-01-23 12:48:20 Boot Start
**** Incomplete boot ****

=== Device boot ===
27673(device5_intouch.log): 2014-01-23 12:50:52 Boot Start
**** Incomplete boot ****

=== Device boot ===
27703(device5_intouch.log): 2014-01-23 12:53:23 Boot Start
**** Incomplete boot ****

=== Device boot ===
27733(device5_intouch.log): 2014-01-23 14:02:37 Boot Start
**** Incomplete boot ****

=== Device boot ===
28640(device5_intouch.log): 2014-01-24 12:34:18 Boot Start
**** Incomplete boot ****

=== Device boot ===
28671(device5_intouch.log): 2014-01-24 12:36:50 Boot Start
**** Incomplete boot ****

=== Device boot ===
28701(device5_intouch.log): 2014-01-24 12:39:18 Boot Start
**** Incomplete boot ****

=== Device boot ===
28731(device5_intouch.log): 2014-01-24 12:41:51 Boot Start
**** Incomplete boot ****

=== Device boot ===
28761(device5_intouch.log): 2014-01-24 14:02:39 Boot Start
**** Incomplete boot ****

=== Device boot ===
29708(device5_intouch.log): 2014-01-25 12:17:07 Boot Start
**** Incomplete boot ****

=== Device boot ===
29738(device5_intouch.log): 2014-01-25 12:19:38 Boot Start
**** Incomplete boot ****

=== Device boot ===
29768(device5_intouch.log): 2014-01-25 12:22:08 Boot Start
**** Incomplete boot ****

=== Device boot ===
29798(device5_intouch.log): 2014-01-25 12:24:38 Boot Start
**** Incomplete boot ****

=== Device boot ===
29829(device5_intouch.log): 2014-01-25 14:02:38 Boot Start
**** Incomplete boot ****

=== Device boot ===
31063(device5_intouch.log): 2014-01-26 09:55:07 Boot Start
31176(device5_intouch.log): 2014-01-26 09:58:04 Boot Completed
	Boot Time: 177000ms

Services
	Logging
		 Start: 31079(device5_intouch.log)
		 Completed: 31080(device5_intouch.log)
		 Elapsed Time: 268 ms
	DatabaseInitialize
		 Start: 31081(device5_intouch.log)
		 Completed: 31109(device5_intouch.log)
		 Elapsed Time: 44465 ms
	MessagingService
		 Start: 31110(device5_intouch.log)
		 Completed: 31112(device5_intouch.log)
		 Elapsed Time: 5647 ms
	HealthMonitorService
		 Start: 31126(device5_intouch.log)
		 Completed: 31127(device5_intouch.log)
		 Elapsed Time: 234 ms
	Persistence
		 Start: 31128(device5_intouch.log)
		 Completed: 31129(device5_intouch.log)
		 Elapsed Time: 21260 ms
	ConfigurationService
		 Start: 31130(device5_intouch.log)
		 Completed: 31131(device5_intouch.log)
		 Elapsed Time: 0 ms
	CacheService
		 Start: 31132(device5_intouch.log)
		 Completed: 31133(device5_intouch.log)
		 Elapsed Time: 828 ms
	ThemingService
		 Start: 31134(device5_intouch.log)
		 Completed: 31135(device5_intouch.log)
		 Elapsed Time: 0 ms
	PortConfigurationService
		 Start: 31136(device5_intouch.log)
		 Completed: 31137(device5_intouch.log)
		 Elapsed Time: 81 ms
	LandingPadService
		 Start: 31138(device5_intouch.log)
		 Completed: 31139(device5_intouch.log)
		 Elapsed Time: 1 ms
	DeviceIOService
		 Start: 31140(device5_intouch.log)
		 Completed: 31141(device5_intouch.log)
		 Elapsed Time: 43 ms
	StagingService
		 Start: 31142(device5_intouch.log)
		 Completed: 31143(device5_intouch.log)
		 Elapsed Time: 6734 ms
	GateService
		 Start: 31144(device5_intouch.log)
		 Completed: 31145(device5_intouch.log)
		 Elapsed Time: 2 ms
	AVFeedbackService
		 Start: 31146(device5_intouch.log)
		 Completed: 31147(device5_intouch.log)
		 Elapsed Time: 161 ms
	ReaderDataService
		 Start: 31148(device5_intouch.log)
		 Completed: 31149(device5_intouch.log)
		 Elapsed Time: 2 ms
	BellService
		 Start: 31150(device5_intouch.log)
		 Completed: 31151(device5_intouch.log)
		 Elapsed Time: 1 ms
	StateManager
		 Start: 31152(device5_intouch.log)
		 Completed: 31153(device5_intouch.log)
		 Elapsed Time: 1584 ms
	OfflineSmartviewService
		 Start: 31154(device5_intouch.log)
		 Completed: 31155(device5_intouch.log)
		 Elapsed Time: 14 ms
	DiagnosticsService
		 Start: 31161(device5_intouch.log)
		 Completed: 31162(device5_intouch.log)
		 Elapsed Time: 179 ms
	WATCHDOG
		 Start: 31160(device5_intouch.log)
		 Completed: 31163(device5_intouch.log)
		 Elapsed Time: 358 ms
	SoftLoadService
		 Start: 31159(device5_intouch.log)
		 Completed: 31164(device5_intouch.log)
		 Elapsed Time: 2617 ms
	DatabaseThreads
		 Start: 31156(device5_intouch.log)
		 Completed: 31166(device5_intouch.log)
		 Elapsed Time: 4548 ms
	ProtocolService
		 Start: 31157(device5_intouch.log)
		 Completed: 31171(device5_intouch.log)
		 Elapsed Time: 12305 ms

=== Device boot ===
31274(device5_intouch.log): 2014-01-26 12:15:18 Boot Start
**** Incomplete boot ****

=== Device boot ===
31293(device5_intouch.log): 2014-01-26 14:02:39 Boot Start
31401(device5_intouch.log): 2014-01-26 14:05:24 Boot Completed
	Boot Time: 165000ms

Services
	Logging
		 Start: 31309(device5_intouch.log)
		 Completed: 31310(device5_intouch.log)
		 Elapsed Time: 267 ms
	DatabaseInitialize
		 Start: 31311(device5_intouch.log)
		 Completed: 31335(device5_intouch.log)
		 Elapsed Time: 32010 ms
	MessagingService
		 Start: 31336(device5_intouch.log)
		 Completed: 31338(device5_intouch.log)
		 Elapsed Time: 6167 ms
	HealthMonitorService
		 Start: 31351(device5_intouch.log)
		 Completed: 31352(device5_intouch.log)
		 Elapsed Time: 204 ms
	Persistence
		 Start: 31353(device5_intouch.log)
		 Completed: 31354(device5_intouch.log)
		 Elapsed Time: 17595 ms
	ConfigurationService
		 Start: 31355(device5_intouch.log)
		 Completed: 31356(device5_intouch.log)
		 Elapsed Time: 0 ms
	CacheService
		 Start: 31357(device5_intouch.log)
		 Completed: 31358(device5_intouch.log)
		 Elapsed Time: 878 ms
	ThemingService
		 Start: 31359(device5_intouch.log)
		 Completed: 31360(device5_intouch.log)
		 Elapsed Time: 1 ms
	LandingPadService
		 Start: 31361(device5_intouch.log)
		 Completed: 31362(device5_intouch.log)
		 Elapsed Time: 1 ms
	StagingService
		 Start: 31363(device5_intouch.log)
		 Completed: 31364(device5_intouch.log)
		 Elapsed Time: 7875 ms
	DeviceIOService
		 Start: 31365(device5_intouch.log)
		 Completed: 31366(device5_intouch.log)
		 Elapsed Time: 22 ms
	BiometricService
		 Start: 31367(device5_intouch.log)
		 Completed: 31368(device5_intouch.log)
		 Elapsed Time: 1334 ms
	ReaderDataService
		 Start: 31369(device5_intouch.log)
		 Completed: 31370(device5_intouch.log)
		 Elapsed Time: 2 ms
	StateManager
		 Start: 31371(device5_intouch.log)
		 Completed: 31372(device5_intouch.log)
		 Elapsed Time: 2324 ms
	BellService
		 Start: 31373(device5_intouch.log)
		 Completed: 31374(device5_intouch.log)
		 Elapsed Time: 3 ms
	GateService
		 Start: 31375(device5_intouch.log)
		 Completed: 31376(device5_intouch.log)
		 Elapsed Time: 1 ms
	OfflineSmartviewService
		 Start: 31377(device5_intouch.log)
		 Completed: 31378(device5_intouch.log)
		 Elapsed Time: 14 ms
	PortConfigurationService
		 Start: 31379(device5_intouch.log)
		 Completed: 31380(device5_intouch.log)
		 Elapsed Time: 62 ms
	AVFeedbackService
		 Start: 31381(device5_intouch.log)
		 Completed: 31382(device5_intouch.log)
		 Elapsed Time: 192 ms
	WATCHDOG
		 Start: 31389(device5_intouch.log)
		 Completed: 31390(device5_intouch.log)
		 Elapsed Time: 241 ms
	DiagnosticsService
		 Start: 31387(device5_intouch.log)
		 Completed: 31391(device5_intouch.log)
		 Elapsed Time: 294 ms
	DatabaseThreads
		 Start: 31384(device5_intouch.log)
		 Completed: 31396(device5_intouch.log)
		 Elapsed Time: 2986 ms
	SoftLoadService
		 Start: 31388(device5_intouch.log)
		 Completed: 31397(device5_intouch.log)
		 Elapsed Time: 2992 ms

=== Device boot ===
32623(device5_intouch.log): 2014-01-27 12:27:55 Boot Start
**** Incomplete boot ****

=== Device boot ===
32641(device5_intouch.log): 2014-01-27 12:30:23 Boot Start
**** Incomplete boot ****

=== Device boot ===
32656(device5_intouch.log): 2014-01-27 12:32:51 Boot Start
**** Incomplete boot ****

=== Device boot ===
32674(device5_intouch.log): 2014-01-27 12:35:19 Boot Start
**** Incomplete boot ****

=== Device boot ===
32693(device5_intouch.log): 2014-01-27 14:02:38 Boot Start
32801(device5_intouch.log): 2014-01-27 14:05:21 Boot Completed
	Boot Time: 163000ms

Services
	Logging
		 Start: 32709(device5_intouch.log)
		 Completed: 32710(device5_intouch.log)
		 Elapsed Time: 269 ms
	DatabaseInitialize
		 Start: 32711(device5_intouch.log)
		 Completed: 32735(device5_intouch.log)
		 Elapsed Time: 31621 ms
	MessagingService
		 Start: 32736(device5_intouch.log)
		 Completed: 32738(device5_intouch.log)
		 Elapsed Time: 5923 ms
	HealthMonitorService
		 Start: 32751(device5_intouch.log)
		 Completed: 32752(device5_intouch.log)
		 Elapsed Time: 230 ms
	Persistence
		 Start: 32753(device5_intouch.log)
		 Completed: 32754(device5_intouch.log)
		 Elapsed Time: 17202 ms
	ConfigurationService
		 Start: 32755(device5_intouch.log)
		 Completed: 32756(device5_intouch.log)
		 Elapsed Time: 0 ms
	PortConfigurationService
		 Start: 32757(device5_intouch.log)
		 Completed: 32758(device5_intouch.log)
		 Elapsed Time: 63 ms
	LandingPadService
		 Start: 32759(device5_intouch.log)
		 Completed: 32760(device5_intouch.log)
		 Elapsed Time: 1 ms
	DeviceIOService
		 Start: 32761(device5_intouch.log)
		 Completed: 32762(device5_intouch.log)
		 Elapsed Time: 22 ms
	GateService
		 Start: 32763(device5_intouch.log)
		 Completed: 32764(device5_intouch.log)
		 Elapsed Time: 2 ms
	CacheService
		 Start: 32765(device5_intouch.log)
		 Completed: 32766(device5_intouch.log)
		 Elapsed Time: 905 ms
	AVFeedbackService
		 Start: 32767(device5_intouch.log)
		 Completed: 32768(device5_intouch.log)
		 Elapsed Time: 156 ms
	StagingService
		 Start: 32769(device5_intouch.log)
		 Completed: 32770(device5_intouch.log)
		 Elapsed Time: 7601 ms
	BiometricService
		 Start: 32771(device5_intouch.log)
		 Completed: 32772(device5_intouch.log)
		 Elapsed Time: 1420 ms
	StateManager
		 Start: 32773(device5_intouch.log)
		 Completed: 32774(device5_intouch.log)
		 Elapsed Time: 2299 ms
	BellService
		 Start: 32775(device5_intouch.log)
		 Completed: 32776(device5_intouch.log)
		 Elapsed Time: 2 ms
	ReaderDataService
		 Start: 32777(device5_intouch.log)
		 Completed: 32778(device5_intouch.log)
		 Elapsed Time: 2 ms
	OfflineSmartviewService
		 Start: 32779(device5_intouch.log)
		 Completed: 32780(device5_intouch.log)
		 Elapsed Time: 15 ms
	ThemingService
		 Start: 32781(device5_intouch.log)
		 Completed: 32782(device5_intouch.log)
		 Elapsed Time: 0 ms
	WATCHDOG
		 Start: 32787(device5_intouch.log)
		 Completed: 32790(device5_intouch.log)
		 Elapsed Time: 22 ms
	DiagnosticsService
		 Start: 32789(device5_intouch.log)
		 Completed: 32791(device5_intouch.log)
		 Elapsed Time: 236 ms
	SoftLoadService
		 Start: 32786(device5_intouch.log)
		 Completed: 32794(device5_intouch.log)
		 Elapsed Time: 2507 ms
	DatabaseThreads
		 Start: 32784(device5_intouch.log)
		 Completed: 32796(device5_intouch.log)
		 Elapsed Time: 3074 ms

=== Device boot ===
33709(device5_intouch.log): 2014-01-28 12:44:17 Boot Start
**** Incomplete boot ****

=== Device boot ===
33725(device5_intouch.log): 2014-01-28 14:02:33 Boot Start
33833(device5_intouch.log): 2014-01-28 14:05:15 Boot Completed
	Boot Time: 162000ms

Services
	Logging
		 Start: 33741(device5_intouch.log)
		 Completed: 33742(device5_intouch.log)
		 Elapsed Time: 273 ms
	DatabaseInitialize
		 Start: 33743(device5_intouch.log)
		 Completed: 33767(device5_intouch.log)
		 Elapsed Time: 31220 ms
	MessagingService
		 Start: 33768(device5_intouch.log)
		 Completed: 33770(device5_intouch.log)
		 Elapsed Time: 5918 ms
	HealthMonitorService
		 Start: 33783(device5_intouch.log)
		 Completed: 33784(device5_intouch.log)
		 Elapsed Time: 182 ms
	Persistence
		 Start: 33785(device5_intouch.log)
		 Completed: 33786(device5_intouch.log)
		 Elapsed Time: 17472 ms
	ConfigurationService
		 Start: 33787(device5_intouch.log)
		 Completed: 33788(device5_intouch.log)
		 Elapsed Time: 0 ms
	PortConfigurationService
		 Start: 33789(device5_intouch.log)
		 Completed: 33790(device5_intouch.log)
		 Elapsed Time: 53 ms
	LandingPadService
		 Start: 33791(device5_intouch.log)
		 Completed: 33792(device5_intouch.log)
		 Elapsed Time: 1 ms
	DeviceIOService
		 Start: 33793(device5_intouch.log)
		 Completed: 33794(device5_intouch.log)
		 Elapsed Time: 20 ms
	GateService
		 Start: 33795(device5_intouch.log)
		 Completed: 33796(device5_intouch.log)
		 Elapsed Time: 2 ms
	CacheService
		 Start: 33797(device5_intouch.log)
		 Completed: 33798(device5_intouch.log)
		 Elapsed Time: 918 ms
	AVFeedbackService
		 Start: 33799(device5_intouch.log)
		 Completed: 33800(device5_intouch.log)
		 Elapsed Time: 184 ms
	StagingService
		 Start: 33801(device5_intouch.log)
		 Completed: 33802(device5_intouch.log)
		 Elapsed Time: 7757 ms
	BiometricService
		 Start: 33803(device5_intouch.log)
		 Completed: 33804(device5_intouch.log)
		 Elapsed Time: 1181 ms
	StateManager
		 Start: 33805(device5_intouch.log)
		 Completed: 33806(device5_intouch.log)
		 Elapsed Time: 2215 ms
	BellService
		 Start: 33807(device5_intouch.log)
		 Completed: 33808(device5_intouch.log)
		 Elapsed Time: 2 ms
	ReaderDataService
		 Start: 33809(device5_intouch.log)
		 Completed: 33810(device5_intouch.log)
		 Elapsed Time: 2 ms
	OfflineSmartviewService
		 Start: 33811(device5_intouch.log)
		 Completed: 33812(device5_intouch.log)
		 Elapsed Time: 22 ms
	ThemingService
		 Start: 33813(device5_intouch.log)
		 Completed: 33814(device5_intouch.log)
		 Elapsed Time: 0 ms
	DiagnosticsService
		 Start: 33821(device5_intouch.log)
		 Completed: 33822(device5_intouch.log)
		 Elapsed Time: 153 ms
	WATCHDOG
		 Start: 33819(device5_intouch.log)
		 Completed: 33823(device5_intouch.log)
		 Elapsed Time: 279 ms
	SoftLoadService
		 Start: 33817(device5_intouch.log)
		 Completed: 33828(device5_intouch.log)
		 Elapsed Time: 2655 ms
	DatabaseThreads
		 Start: 33816(device5_intouch.log)
		 Completed: 33829(device5_intouch.log)
		 Elapsed Time: 2732 ms

=== Device boot ===
34594(device5_intouch.log): 2014-01-29 12:43:07 Boot Start
**** Incomplete boot ****

=== Device boot ===
34613(device5_intouch.log): 2014-01-29 14:02:35 Boot Start
34721(device5_intouch.log): 2014-01-29 14:05:19 Boot Completed
	Boot Time: 164000ms

Services
	Logging
		 Start: 34629(device5_intouch.log)
		 Completed: 34630(device5_intouch.log)
		 Elapsed Time: 313 ms
	DatabaseInitialize
		 Start: 34631(device5_intouch.log)
		 Completed: 34655(device5_intouch.log)
		 Elapsed Time: 32029 ms
	MessagingService
		 Start: 34656(device5_intouch.log)
		 Completed: 34658(device5_intouch.log)
		 Elapsed Time: 7815 ms
	HealthMonitorService
		 Start: 34671(device5_intouch.log)
		 Completed: 34672(device5_intouch.log)
		 Elapsed Time: 178 ms
	Persistence
		 Start: 34673(device5_intouch.log)
		 Completed: 34674(device5_intouch.log)
		 Elapsed Time: 17133 ms
	ConfigurationService
		 Start: 34675(device5_intouch.log)
		 Completed: 34676(device5_intouch.log)
		 Elapsed Time: 0 ms
	PortConfigurationService
		 Start: 34677(device5_intouch.log)
		 Completed: 34678(device5_intouch.log)
		 Elapsed Time: 58 ms
	LandingPadService
		 Start: 34679(device5_intouch.log)
		 Completed: 34680(device5_intouch.log)
		 Elapsed Time: 2 ms
	DeviceIOService
		 Start: 34681(device5_intouch.log)
		 Completed: 34682(device5_intouch.log)
		 Elapsed Time: 34 ms
	GateService
		 Start: 34683(device5_intouch.log)
		 Completed: 34684(device5_intouch.log)
		 Elapsed Time: 3 ms
	CacheService
		 Start: 34685(device5_intouch.log)
		 Completed: 34686(device5_intouch.log)
		 Elapsed Time: 1108 ms
	AVFeedbackService
		 Start: 34687(device5_intouch.log)
		 Completed: 34688(device5_intouch.log)
		 Elapsed Time: 179 ms
	StagingService
		 Start: 34689(device5_intouch.log)
		 Completed: 34690(device5_intouch.log)
		 Elapsed Time: 7704 ms
	BiometricService
		 Start: 34691(device5_intouch.log)
		 Completed: 34692(device5_intouch.log)
		 Elapsed Time: 1154 ms
	StateManager
		 Start: 34693(device5_intouch.log)
		 Completed: 34694(device5_intouch.log)
		 Elapsed Time: 2112 ms
	BellService
		 Start: 34695(device5_intouch.log)
		 Completed: 34696(device5_intouch.log)
		 Elapsed Time: 2 ms
	ReaderDataService
		 Start: 34697(device5_intouch.log)
		 Completed: 34698(device5_intouch.log)
		 Elapsed Time: 2 ms
	OfflineSmartviewService
		 Start: 34699(device5_intouch.log)
		 Completed: 34700(device5_intouch.log)
		 Elapsed Time: 51 ms
	ThemingService
		 Start: 34701(device5_intouch.log)
		 Completed: 34702(device5_intouch.log)
		 Elapsed Time: 1 ms
	DiagnosticsService
		 Start: 34710(device5_intouch.log)
		 Completed: 34711(device5_intouch.log)
		 Elapsed Time: 177 ms
	WATCHDOG
		 Start: 34708(device5_intouch.log)
		 Completed: 34712(device5_intouch.log)
		 Elapsed Time: 278 ms
	DatabaseThreads
		 Start: 34705(device5_intouch.log)
		 Completed: 34715(device5_intouch.log)
		 Elapsed Time: 2587 ms
	SoftLoadService
		 Start: 34707(device5_intouch.log)
		 Completed: 34718(device5_intouch.log)
		 Elapsed Time: 2854 ms

=== Device boot ===
37428(device5_intouch.log): 2014-01-30 12:43:05 Boot Start
**** Incomplete boot ****

=== Device boot ===
37447(device5_intouch.log): 2014-01-30 14:02:40 Boot Start
37555(device5_intouch.log): 2014-01-30 14:05:22 Boot Completed
	Boot Time: 162000ms

Services
	Logging
		 Start: 37463(device5_intouch.log)
		 Completed: 37464(device5_intouch.log)
		 Elapsed Time: 271 ms
	DatabaseInitialize
		 Start: 37465(device5_intouch.log)
		 Completed: 37489(device5_intouch.log)
		 Elapsed Time: 31643 ms
	MessagingService
		 Start: 37490(device5_intouch.log)
		 Completed: 37492(device5_intouch.log)
		 Elapsed Time: 5902 ms
	HealthMonitorService
		 Start: 37505(device5_intouch.log)
		 Completed: 37506(device5_intouch.log)
		 Elapsed Time: 198 ms
	Persistence
		 Start: 37507(device5_intouch.log)
		 Completed: 37508(device5_intouch.log)
		 Elapsed Time: 17076 ms
	ConfigurationService
		 Start: 37509(device5_intouch.log)
		 Completed: 37510(device5_intouch.log)
		 Elapsed Time: 0 ms
	PortConfigurationService
		 Start: 37511(device5_intouch.log)
		 Completed: 37512(device5_intouch.log)
		 Elapsed Time: 66 ms
	LandingPadService
		 Start: 37513(device5_intouch.log)
		 Completed: 37514(device5_intouch.log)
		 Elapsed Time: 2 ms
	DeviceIOService
		 Start: 37515(device5_intouch.log)
		 Completed: 37516(device5_intouch.log)
		 Elapsed Time: 23 ms
	GateService
		 Start: 37517(device5_intouch.log)
		 Completed: 37518(device5_intouch.log)
		 Elapsed Time: 3 ms
	CacheService
		 Start: 37519(device5_intouch.log)
		 Completed: 37520(device5_intouch.log)
		 Elapsed Time: 1081 ms
	AVFeedbackService
		 Start: 37521(device5_intouch.log)
		 Completed: 37522(device5_intouch.log)
		 Elapsed Time: 169 ms
	StagingService
		 Start: 37523(device5_intouch.log)
		 Completed: 37524(device5_intouch.log)
		 Elapsed Time: 7814 ms
	BiometricService
		 Start: 37525(device5_intouch.log)
		 Completed: 37526(device5_intouch.log)
		 Elapsed Time: 1257 ms
	StateManager
		 Start: 37527(device5_intouch.log)
		 Completed: 37528(device5_intouch.log)
		 Elapsed Time: 2073 ms
	BellService
		 Start: 37529(device5_intouch.log)
		 Completed: 37530(device5_intouch.log)
		 Elapsed Time: 2 ms
	ReaderDataService
		 Start: 37531(device5_intouch.log)
		 Completed: 37532(device5_intouch.log)
		 Elapsed Time: 2 ms
	OfflineSmartviewService
		 Start: 37533(device5_intouch.log)
		 Completed: 37534(device5_intouch.log)
		 Elapsed Time: 27 ms
	ThemingService
		 Start: 37535(device5_intouch.log)
		 Completed: 37536(device5_intouch.log)
		 Elapsed Time: 0 ms
	DiagnosticsService
		 Start: 37543(device5_intouch.log)
		 Completed: 37544(device5_intouch.log)
		 Elapsed Time: 147 ms
	WATCHDOG
		 Start: 37541(device5_intouch.log)
		 Completed: 37545(device5_intouch.log)
		 Elapsed Time: 313 ms
	SoftLoadService
		 Start: 37540(device5_intouch.log)
		 Completed: 37548(device5_intouch.log)
		 Elapsed Time: 2877 ms
	DatabaseThreads
		 Start: 37538(device5_intouch.log)
		 Completed: 37550(device5_intouch.log)
		 Elapsed Time: 3273 ms

=== Device boot ===
38258(device5_intouch.log): 2014-01-31 14:02:33 Boot Start
38366(device5_intouch.log): 2014-01-31 14:05:16 Boot Completed
	Boot Time: 163000ms

Services
	Logging
		 Start: 38274(device5_intouch.log)
		 Completed: 38275(device5_intouch.log)
		 Elapsed Time: 265 ms
	DatabaseInitialize
		 Start: 38276(device5_intouch.log)
		 Completed: 38300(device5_intouch.log)
		 Elapsed Time: 31531 ms
	MessagingService
		 Start: 38301(device5_intouch.log)
		 Completed: 38303(device5_intouch.log)
		 Elapsed Time: 6494 ms
	HealthMonitorService
		 Start: 38316(device5_intouch.log)
		 Completed: 38317(device5_intouch.log)
		 Elapsed Time: 146 ms
	Persistence
		 Start: 38318(device5_intouch.log)
		 Completed: 38319(device5_intouch.log)
		 Elapsed Time: 17412 ms
	ConfigurationService
		 Start: 38320(device5_intouch.log)
		 Completed: 38321(device5_intouch.log)
		 Elapsed Time: 0 ms
	PortConfigurationService
		 Start: 38322(device5_intouch.log)
		 Completed: 38323(device5_intouch.log)
		 Elapsed Time: 59 ms
	LandingPadService
		 Start: 38324(device5_intouch.log)
		 Completed: 38325(device5_intouch.log)
		 Elapsed Time: 2 ms
	DeviceIOService
		 Start: 38326(device5_intouch.log)
		 Completed: 38327(device5_intouch.log)
		 Elapsed Time: 27 ms
	GateService
		 Start: 38328(device5_intouch.log)
		 Completed: 38329(device5_intouch.log)
		 Elapsed Time: 3 ms
	CacheService
		 Start: 38330(device5_intouch.log)
		 Completed: 38331(device5_intouch.log)
		 Elapsed Time: 1204 ms
	AVFeedbackService
		 Start: 38332(device5_intouch.log)
		 Completed: 38333(device5_intouch.log)
		 Elapsed Time: 156 ms
	StagingService
		 Start: 38334(device5_intouch.log)
		 Completed: 38335(device5_intouch.log)
		 Elapsed Time: 7714 ms
	BiometricService
		 Start: 38336(device5_intouch.log)
		 Completed: 38337(device5_intouch.log)
		 Elapsed Time: 1176 ms
	StateManager
		 Start: 38338(device5_intouch.log)
		 Completed: 38339(device5_intouch.log)
		 Elapsed Time: 2151 ms
	BellService
		 Start: 38340(device5_intouch.log)
		 Completed: 38341(device5_intouch.log)
		 Elapsed Time: 2 ms
	ReaderDataService
		 Start: 38342(device5_intouch.log)
		 Completed: 38343(device5_intouch.log)
		 Elapsed Time: 2 ms
	OfflineSmartviewService
		 Start: 38344(device5_intouch.log)
		 Completed: 38345(device5_intouch.log)
		 Elapsed Time: 35 ms
	ThemingService
		 Start: 38346(device5_intouch.log)
		 Completed: 38347(device5_intouch.log)
		 Elapsed Time: 0 ms
	DiagnosticsService
		 Start: 38352(device5_intouch.log)
		 Completed: 38355(device5_intouch.log)
		 Elapsed Time: 314 ms
	WATCHDOG
		 Start: 38354(device5_intouch.log)
		 Completed: 38356(device5_intouch.log)
		 Elapsed Time: 359 ms
	SoftLoadService
		 Start: 38353(device5_intouch.log)
		 Completed: 38358(device5_intouch.log)
		 Elapsed Time: 3031 ms
	DatabaseThreads
		 Start: 38349(device5_intouch.log)
		 Completed: 38362(device5_intouch.log)
		 Elapsed Time: 3257 ms

=== Device boot ===
39150(device5_intouch.log): 2014-02-01 12:39:38 Boot Start
**** Incomplete boot ****

=== Device boot ===
39166(device5_intouch.log): 2014-02-01 12:42:07 Boot Start
**** Incomplete boot ****

=== Device boot ===
39182(device5_intouch.log): 2014-02-01 14:02:32 Boot Start
39290(device5_intouch.log): 2014-02-01 14:05:16 Boot Completed
	Boot Time: 164000ms

Services
	Logging
		 Start: 39198(device5_intouch.log)
		 Completed: 39199(device5_intouch.log)
		 Elapsed Time: 273 ms
	DatabaseInitialize
		 Start: 39200(device5_intouch.log)
		 Completed: 39224(device5_intouch.log)
		 Elapsed Time: 31393 ms
	MessagingService
		 Start: 39225(device5_intouch.log)
		 Completed: 39227(device5_intouch.log)
		 Elapsed Time: 6275 ms
	HealthMonitorService
		 Start: 39240(device5_intouch.log)
		 Completed: 39241(device5_intouch.log)
		 Elapsed Time: 188 ms
	Persistence
		 Start: 39242(device5_intouch.log)
		 Completed: 39243(device5_intouch.log)
		 Elapsed Time: 17916 ms
	ConfigurationService
		 Start: 39244(device5_intouch.log)
		 Completed: 39245(device5_intouch.log)
		 Elapsed Time: 0 ms
	PortConfigurationService
		 Start: 39246(device5_intouch.log)
		 Completed: 39247(device5_intouch.log)
		 Elapsed Time: 59 ms
	LandingPadService
		 Start: 39248(device5_intouch.log)
		 Completed: 39249(device5_intouch.log)
		 Elapsed Time: 2 ms
	DeviceIOService
		 Start: 39250(device5_intouch.log)
		 Completed: 39251(device5_intouch.log)
		 Elapsed Time: 25 ms
	GateService
		 Start: 39252(device5_intouch.log)
		 Completed: 39253(device5_intouch.log)
		 Elapsed Time: 3 ms
	CacheService
		 Start: 39254(device5_intouch.log)
		 Completed: 39255(device5_intouch.log)
		 Elapsed Time: 852 ms
	AVFeedbackService
		 Start: 39256(device5_intouch.log)
		 Completed: 39257(device5_intouch.log)
		 Elapsed Time: 153 ms
	StagingService
		 Start: 39258(device5_intouch.log)
		 Completed: 39259(device5_intouch.log)
		 Elapsed Time: 8049 ms
	BiometricService
		 Start: 39260(device5_intouch.log)
		 Completed: 39261(device5_intouch.log)
		 Elapsed Time: 1160 ms
	StateManager
		 Start: 39262(device5_intouch.log)
		 Completed: 39263(device5_intouch.log)
		 Elapsed Time: 2140 ms
	BellService
		 Start: 39264(device5_intouch.log)
		 Completed: 39265(device5_intouch.log)
		 Elapsed Time: 1 ms
	ReaderDataService
		 Start: 39266(device5_intouch.log)
		 Completed: 39267(device5_intouch.log)
		 Elapsed Time: 2 ms
	OfflineSmartviewService
		 Start: 39268(device5_intouch.log)
		 Completed: 39269(device5_intouch.log)
		 Elapsed Time: 21 ms
	ThemingService
		 Start: 39270(device5_intouch.log)
		 Completed: 39271(device5_intouch.log)
		 Elapsed Time: 0 ms
	DiagnosticsService
		 Start: 39278(device5_intouch.log)
		 Completed: 39279(device5_intouch.log)
		 Elapsed Time: 357 ms
	WATCHDOG
		 Start: 39276(device5_intouch.log)
		 Completed: 39280(device5_intouch.log)
		 Elapsed Time: 392 ms
	SoftLoadService
		 Start: 39275(device5_intouch.log)
		 Completed: 39285(device5_intouch.log)
		 Elapsed Time: 3279 ms
	DatabaseThreads
		 Start: 39273(device5_intouch.log)
		 Completed: 39286(device5_intouch.log)
		 Elapsed Time: 3318 ms

=== Device boot ===
40288(device5_intouch.log): 2014-02-02 14:02:39 Boot Start
40397(device5_intouch.log): 2014-02-02 14:05:31 Boot Completed
	Boot Time: 172000ms

Services
	Logging
		 Start: 40304(device5_intouch.log)
		 Completed: 40305(device5_intouch.log)
		 Elapsed Time: 301 ms
	DatabaseInitialize
		 Start: 40306(device5_intouch.log)
		 Completed: 40330(device5_intouch.log)
		 Elapsed Time: 31693 ms
	MessagingService
		 Start: 40331(device5_intouch.log)
		 Completed: 40333(device5_intouch.log)
		 Elapsed Time: 5915 ms
	HealthMonitorService
		 Start: 40347(device5_intouch.log)
		 Completed: 40348(device5_intouch.log)
		 Elapsed Time: 205 ms
	Persistence
		 Start: 40349(device5_intouch.log)
		 Completed: 40350(device5_intouch.log)
		 Elapsed Time: 19870 ms
	ConfigurationService
		 Start: 40351(device5_intouch.log)
		 Completed: 40352(device5_intouch.log)
		 Elapsed Time: 0 ms
	ThemingService
		 Start: 40353(device5_intouch.log)
		 Completed: 40354(device5_intouch.log)
		 Elapsed Time: 1 ms
	CacheService
		 Start: 40355(device5_intouch.log)
		 Completed: 40356(device5_intouch.log)
		 Elapsed Time: 986 ms
	LandingPadService
		 Start: 40357(device5_intouch.log)
		 Completed: 40358(device5_intouch.log)
		 Elapsed Time: 2 ms
	PortConfigurationService
		 Start: 40359(device5_intouch.log)
		 Completed: 40360(device5_intouch.log)
		 Elapsed Time: 82 ms
	DeviceIOService
		 Start: 40361(device5_intouch.log)
		 Completed: 40362(device5_intouch.log)
		 Elapsed Time: 29 ms
	StagingService
		 Start: 40363(device5_intouch.log)
		 Completed: 40364(device5_intouch.log)
		 Elapsed Time: 9763 ms
	BiometricService
		 Start: 40365(device5_intouch.log)
		 Completed: 40366(device5_intouch.log)
		 Elapsed Time: 1163 ms
	StateManager
		 Start: 40367(device5_intouch.log)
		 Completed: 40368(device5_intouch.log)
		 Elapsed Time: 2550 ms
	ReaderDataService
		 Start: 40369(device5_intouch.log)
		 Completed: 40370(device5_intouch.log)
		 Elapsed Time: 2 ms
	AVFeedbackService
		 Start: 40371(device5_intouch.log)
		 Completed: 40372(device5_intouch.log)
		 Elapsed Time: 154 ms
	OfflineSmartviewService
		 Start: 40373(device5_intouch.log)
		 Completed: 40374(device5_intouch.log)
		 Elapsed Time: 23 ms
	GateService
		 Start: 40375(device5_intouch.log)
		 Completed: 40376(device5_intouch.log)
		 Elapsed Time: 3 ms
	BellService
		 Start: 40377(device5_intouch.log)
		 Completed: 40378(device5_intouch.log)
		 Elapsed Time: 2 ms
	DiagnosticsService
		 Start: 40383(device5_intouch.log)
		 Completed: 40386(device5_intouch.log)
		 Elapsed Time: 243 ms
	WATCHDOG
		 Start: 40382(device5_intouch.log)
		 Completed: 40387(device5_intouch.log)
		 Elapsed Time: 246 ms
	SoftLoadService
		 Start: 40384(device5_intouch.log)
		 Completed: 40392(device5_intouch.log)
		 Elapsed Time: 3053 ms
	DatabaseThreads
		 Start: 40380(device5_intouch.log)
		 Completed: 40393(device5_intouch.log)
		 Elapsed Time: 3367 ms

=== Device boot ===
41615(device5_intouch.log): 2014-02-03 12:35:55 Boot Start
**** Incomplete boot ****

=== Device boot ===
41633(device5_intouch.log): 2014-02-03 12:38:22 Boot Start
**** Incomplete boot ****

=== Device boot ===
41648(device5_intouch.log): 2014-02-03 12:40:48 Boot Start
**** Incomplete boot ****

=== Device boot ===
41666(device5_intouch.log): 2014-02-03 12:43:17 Boot Start
**** Incomplete boot ****

=== Device boot ===
41684(device5_intouch.log): 2014-02-03 12:45:46 Boot Start
**** Incomplete boot ****

=== Device boot ===
41694(device5_intouch.log): 2014-02-03 14:02:34 Boot Start
41802(device5_intouch.log): 2014-02-03 14:05:18 Boot Completed
	Boot Time: 164000ms

Services
	Logging
		 Start: 41710(device5_intouch.log)
		 Completed: 41711(device5_intouch.log)
		 Elapsed Time: 282 ms
	DatabaseInitialize
		 Start: 41712(device5_intouch.log)
		 Completed: 41736(device5_intouch.log)
		 Elapsed Time: 31486 ms
	MessagingService
		 Start: 41737(device5_intouch.log)
		 Completed: 41739(device5_intouch.log)
		 Elapsed Time: 5674 ms
	HealthMonitorService
		 Start: 41752(device5_intouch.log)
		 Completed: 41753(device5_intouch.log)
		 Elapsed Time: 196 ms
	Persistence
		 Start: 41754(device5_intouch.log)
		 Completed: 41755(device5_intouch.log)
		 Elapsed Time: 16924 ms
	ConfigurationService
		 Start: 41756(device5_intouch.log)
		 Completed: 41757(device5_intouch.log)
		 Elapsed Time: 0 ms
	PortConfigurationService
		 Start: 41758(device5_intouch.log)
		 Completed: 41759(device5_intouch.log)
		 Elapsed Time: 63 ms
	LandingPadService
		 Start: 41760(device5_intouch.log)
		 Completed: 41761(device5_intouch.log)
		 Elapsed Time: 2 ms
	DeviceIOService
		 Start: 41762(device5_intouch.log)
		 Completed: 41763(device5_intouch.log)
		 Elapsed Time: 19 ms
	GateService
		 Start: 41764(device5_intouch.log)
		 Completed: 41765(device5_intouch.log)
		 Elapsed Time: 3 ms
	CacheService
		 Start: 41766(device5_intouch.log)
		 Completed: 41767(device5_intouch.log)
		 Elapsed Time: 805 ms
	AVFeedbackService
		 Start: 41768(device5_intouch.log)
		 Completed: 41769(device5_intouch.log)
		 Elapsed Time: 156 ms
	StagingService
		 Start: 41770(device5_intouch.log)
		 Completed: 41771(device5_intouch.log)
		 Elapsed Time: 7859 ms
	BiometricService
		 Start: 41772(device5_intouch.log)
		 Completed: 41773(device5_intouch.log)
		 Elapsed Time: 1158 ms
	StateManager
		 Start: 41774(device5_intouch.log)
		 Completed: 41775(device5_intouch.log)
		 Elapsed Time: 2138 ms
	BellService
		 Start: 41776(device5_intouch.log)
		 Completed: 41777(device5_intouch.log)
		 Elapsed Time: 1 ms
	ReaderDataService
		 Start: 41778(device5_intouch.log)
		 Completed: 41779(device5_intouch.log)
		 Elapsed Time: 2 ms
	OfflineSmartviewService
		 Start: 41780(device5_intouch.log)
		 Completed: 41781(device5_intouch.log)
		 Elapsed Time: 50 ms
	ThemingService
		 Start: 41782(device5_intouch.log)
		 Completed: 41783(device5_intouch.log)
		 Elapsed Time: 1 ms
	DiagnosticsService
		 Start: 41790(device5_intouch.log)
		 Completed: 41792(device5_intouch.log)
		 Elapsed Time: 336 ms
	WATCHDOG
		 Start: 41788(device5_intouch.log)
		 Completed: 41793(device5_intouch.log)
		 Elapsed Time: 346 ms
	SoftLoadService
		 Start: 41787(device5_intouch.log)
		 Completed: 41795(device5_intouch.log)
		 Elapsed Time: 2690 ms
	DatabaseThreads
		 Start: 41785(device5_intouch.log)
		 Completed: 41798(device5_intouch.log)
		 Elapsed Time: 3342 ms

